ARM GAS  C:\Users\seanj\AppData\Local\Temp\ccEmqR0e.s 			page 1


   1              		.syntax unified
   2              		.cpu cortex-m3
   3              		.fpu softvfp
   4              		.eabi_attribute 20, 1
   5              		.eabi_attribute 21, 1
   6              		.eabi_attribute 23, 3
   7              		.eabi_attribute 24, 1
   8              		.eabi_attribute 25, 1
   9              		.eabi_attribute 26, 1
  10              		.eabi_attribute 30, 6
  11              		.eabi_attribute 34, 1
  12              		.eabi_attribute 18, 4
  13              		.thumb
  14              		.syntax unified
  15              		.file	"cymetadata.c"
  16              		.text
  17              	.Ltext0:
  18              		.cfi_sections	.debug_frame
  19              		.global	cy_meta_configecc
  20              		.section	.cyconfigecc,"a",%progbits
  21              		.align	2
  22              		.type	cy_meta_configecc, %object
  23              		.size	cy_meta_configecc, 172
  24              	cy_meta_configecc:
  25 0000 02       		.byte	2
  26 0001 52       		.byte	82
  27 0002 00       		.byte	0
  28 0003 40       		.byte	64
  29 0004 03       		.byte	3
  30 0005 15       		.byte	21
  31 0006 01       		.byte	1
  32 0007 40       		.byte	64
  33 0008 01       		.byte	1
  34 0009 17       		.byte	23
  35 000a 01       		.byte	1
  36 000b 40       		.byte	64
  37 000c 01       		.byte	1
  38 000d 19       		.byte	25
  39 000e 01       		.byte	1
  40 000f 40       		.byte	64
  41 0010 03       		.byte	3
  42 0011 1B       		.byte	27
  43 0012 01       		.byte	1
  44 0013 40       		.byte	64
  45 0014 02       		.byte	2
  46 0015 42       		.byte	66
  47 0016 01       		.byte	1
  48 0017 40       		.byte	64
  49 0018 01       		.byte	1
  50 0019 43       		.byte	67
  51 001a 01       		.byte	1
  52 001b 40       		.byte	64
  53 001c 03       		.byte	3
  54 001d 48       		.byte	72
  55 001e 01       		.byte	1
  56 001f 40       		.byte	64
  57 0020 10       		.byte	16
ARM GAS  C:\Users\seanj\AppData\Local\Temp\ccEmqR0e.s 			page 2


  58 0021 49       		.byte	73
  59 0022 01       		.byte	1
  60 0023 40       		.byte	64
  61 0024 08       		.byte	8
  62 0025 4C       		.byte	76
  63 0026 01       		.byte	1
  64 0027 40       		.byte	64
  65 0028 06       		.byte	6
  66 0029 4D       		.byte	77
  67 002a 01       		.byte	1
  68 002b 40       		.byte	64
  69 002c 01       		.byte	1
  70 002d 51       		.byte	81
  71 002e 01       		.byte	1
  72 002f 40       		.byte	64
  73 0030 60       		.byte	96
  74 0031 02       		.byte	2
  75 0032 64       		.byte	100
  76 0033 03       		.byte	3
  77 0034 E0       		.byte	-32
  78 0035 08       		.byte	8
  79 0036 E4       		.byte	-28
  80 0037 01       		.byte	1
  81 0038 EA       		.byte	-22
  82 0039 09       		.byte	9
  83 003a E2       		.byte	-30
  84 003b 04       		.byte	4
  85 003c E2       		.byte	-30
  86 003d 04       		.byte	4
  87 003e E0       		.byte	-32
  88 003f 08       		.byte	8
  89 0040 E4       		.byte	-28
  90 0041 01       		.byte	1
  91 0042 EA       		.byte	-22
  92 0043 09       		.byte	9
  93 0044 3E       		.byte	62
  94 0045 10       		.byte	16
  95 0046 CE       		.byte	-50
  96 0047 20       		.byte	32
  97 0048 96       		.byte	-106
  98 0049 10       		.byte	16
  99 004a 82       		.byte	-126
 100 004b 20       		.byte	32
 101 004c 96       		.byte	-106
 102 004d 10       		.byte	16
 103 004e E2       		.byte	-30
 104 004f 20       		.byte	32
 105 0050 12       		.byte	18
 106 0051 20       		.byte	32
 107 0052 16       		.byte	22
 108 0053 40       		.byte	64
 109 0054 72       		.byte	114
 110 0055 20       		.byte	32
 111 0056 7F       		.byte	127
 112 0057 02       		.byte	2
 113 0058 82       		.byte	-126
 114 0059 20       		.byte	32
ARM GAS  C:\Users\seanj\AppData\Local\Temp\ccEmqR0e.s 			page 3


 115 005a 86       		.byte	-122
 116 005b 40       		.byte	64
 117 005c 9A       		.byte	-102
 118 005d 20       		.byte	32
 119 005e A3       		.byte	-93
 120 005f 02       		.byte	2
 121 0060 AA       		.byte	-86
 122 0061 10       		.byte	16
 123 0062 AF       		.byte	-81
 124 0063 02       		.byte	2
 125 0064 C4       		.byte	-60
 126 0065 30       		.byte	48
 127 0066 DC       		.byte	-36
 128 0067 80       		.byte	-128
 129 0068 DE       		.byte	-34
 130 0069 20       		.byte	32
 131 006a E0       		.byte	-32
 132 006b 10       		.byte	16
 133 006c E4       		.byte	-28
 134 006d 80       		.byte	-128
 135 006e EA       		.byte	-22
 136 006f 90       		.byte	-112
 137 0070 10       		.byte	16
 138 0071 80       		.byte	-128
 139 0072 13       		.byte	19
 140 0073 20       		.byte	32
 141 0074 15       		.byte	21
 142 0075 08       		.byte	8
 143 0076 7B       		.byte	123
 144 0077 10       		.byte	16
 145 0078 7F       		.byte	127
 146 0079 40       		.byte	64
 147 007a 80       		.byte	-128
 148 007b 80       		.byte	-128
 149 007c C4       		.byte	-60
 150 007d 0E       		.byte	14
 151 007e DE       		.byte	-34
 152 007f 03       		.byte	3
 153 0080 83       		.byte	-125
 154 0081 10       		.byte	16
 155 0082 87       		.byte	-121
 156 0083 40       		.byte	64
 157 0084 97       		.byte	-105
 158 0085 80       		.byte	-128
 159 0086 A7       		.byte	-89
 160 0087 10       		.byte	16
 161 0088 AB       		.byte	-85
 162 0089 20       		.byte	32
 163 008a AD       		.byte	-83
 164 008b 04       		.byte	4
 165 008c 03       		.byte	3
 166 008d C0       		.byte	-64
 167 008e 00       		.byte	0
 168 008f 00       		.byte	0
 169 0090 03       		.byte	3
 170 0091 00       		.byte	0
 171 0092 00       		.byte	0
ARM GAS  C:\Users\seanj\AppData\Local\Temp\ccEmqR0e.s 			page 4


 172 0093 00       		.byte	0
 173 0094 03       		.byte	3
 174 0095 00       		.byte	0
 175 0096 03       		.byte	3
 176 0097 00       		.byte	0
 177 0098 00       		.byte	0
 178 0099 00       		.byte	0
 179 009a 00       		.byte	0
 180 009b 00       		.byte	0
 181 009c 00       		.byte	0
 182 009d 0B       		.byte	11
 183 009e 0B       		.byte	11
 184 009f 00       		.byte	0
 185 00a0 00       		.byte	0
 186 00a1 00       		.byte	0
 187 00a2 00       		.byte	0
 188 00a3 00       		.byte	0
 189 00a4 00       		.byte	0
 190 00a5 02       		.byte	2
 191 00a6 02       		.byte	2
 192 00a7 00       		.byte	0
 193 00a8 00       		.byte	0
 194 00a9 00       		.byte	0
 195 00aa 00       		.byte	0
 196 00ab 00       		.byte	0
 197              		.global	cy_meta_custnvl
 198              		.section	.cycustnvl,"a",%progbits
 199              		.align	2
 200              		.type	cy_meta_custnvl, %object
 201              		.size	cy_meta_custnvl, 4
 202              	cy_meta_custnvl:
 203 0000 00       		.byte	0
 204 0001 00       		.byte	0
 205 0002 40       		.byte	64
 206 0003 05       		.byte	5
 207              		.global	cy_meta_wonvl
 208              		.section	.cywolatch,"a",%progbits
 209              		.align	2
 210              		.type	cy_meta_wonvl, %object
 211              		.size	cy_meta_wonvl, 4
 212              	cy_meta_wonvl:
 213 0000 BC       		.byte	-68
 214 0001 90       		.byte	-112
 215 0002 AC       		.byte	-84
 216 0003 AF       		.byte	-81
 217              		.global	cy_meta_flashprotect
 218              		.section	.cyflashprotect,"a",%progbits
 219              		.align	2
 220              		.type	cy_meta_flashprotect, %object
 221              		.size	cy_meta_flashprotect, 256
 222              	cy_meta_flashprotect:
 223 0000 00000000 		.space	256
 223      00000000 
 223      00000000 
 223      00000000 
 223      00000000 
 224              		.global	cy_metadata
ARM GAS  C:\Users\seanj\AppData\Local\Temp\ccEmqR0e.s 			page 5


 225              		.section	.cymeta,"a",%progbits
 226              		.align	2
 227              		.type	cy_metadata, %object
 228              		.size	cy_metadata, 12
 229              	cy_metadata:
 230 0000 00       		.byte	0
 231 0001 01       		.byte	1
 232 0002 2E       		.byte	46
 233 0003 16       		.byte	22
 234 0004 10       		.byte	16
 235 0005 69       		.byte	105
 236 0006 00       		.byte	0
 237 0007 01       		.byte	1
 238 0008 00       		.byte	0
 239 0009 00       		.byte	0
 240 000a 00       		.byte	0
 241 000b 00       		.byte	0
 242              		.text
 243              	.Letext0:
 244              		.file 1 "c:\\program files (x86)\\cypress\\psoc creator\\4.2\\psoc creator\\import\\gnu\\arm\\5.4.
 245              		.file 2 "c:\\program files (x86)\\cypress\\psoc creator\\4.2\\psoc creator\\import\\gnu\\arm\\5.4.
 246              		.file 3 "Generated_Source\\PSoC5\\cymetadata.c"
 247              		.section	.debug_info,"",%progbits
 248              	.Ldebug_info0:
 249 0000 30010000 		.4byte	0x130
 250 0004 0400     		.2byte	0x4
 251 0006 00000000 		.4byte	.Ldebug_abbrev0
 252 000a 04       		.byte	0x4
 253 000b 01       		.uleb128 0x1
 254 000c 0A000000 		.4byte	.LASF17
 255 0010 0C       		.byte	0xc
 256 0011 B4010000 		.4byte	.LASF18
 257 0015 B2000000 		.4byte	.LASF19
 258 0019 00000000 		.4byte	.Ldebug_line0
 259 001d 02       		.uleb128 0x2
 260 001e 01       		.byte	0x1
 261 001f 06       		.byte	0x6
 262 0020 A8010000 		.4byte	.LASF0
 263 0024 03       		.uleb128 0x3
 264 0025 00000000 		.4byte	.LASF9
 265 0029 01       		.byte	0x1
 266 002a 1D       		.byte	0x1d
 267 002b 2F000000 		.4byte	0x2f
 268 002f 02       		.uleb128 0x2
 269 0030 01       		.byte	0x1
 270 0031 08       		.byte	0x8
 271 0032 A4000000 		.4byte	.LASF1
 272 0036 02       		.uleb128 0x2
 273 0037 02       		.byte	0x2
 274 0038 05       		.byte	0x5
 275 0039 95010000 		.4byte	.LASF2
 276 003d 02       		.uleb128 0x2
 277 003e 02       		.byte	0x2
 278 003f 07       		.byte	0x7
 279 0040 FA000000 		.4byte	.LASF3
 280 0044 02       		.uleb128 0x2
 281 0045 04       		.byte	0x4
ARM GAS  C:\Users\seanj\AppData\Local\Temp\ccEmqR0e.s 			page 6


 282 0046 05       		.byte	0x5
 283 0047 9F010000 		.4byte	.LASF4
 284 004b 02       		.uleb128 0x2
 285 004c 04       		.byte	0x4
 286 004d 07       		.byte	0x7
 287 004e E8000000 		.4byte	.LASF5
 288 0052 02       		.uleb128 0x2
 289 0053 08       		.byte	0x8
 290 0054 05       		.byte	0x5
 291 0055 87010000 		.4byte	.LASF6
 292 0059 02       		.uleb128 0x2
 293 005a 08       		.byte	0x8
 294 005b 07       		.byte	0x7
 295 005c 3C010000 		.4byte	.LASF7
 296 0060 04       		.uleb128 0x4
 297 0061 04       		.byte	0x4
 298 0062 05       		.byte	0x5
 299 0063 696E7400 		.ascii	"int\000"
 300 0067 02       		.uleb128 0x2
 301 0068 04       		.byte	0x4
 302 0069 07       		.byte	0x7
 303 006a 2F010000 		.4byte	.LASF8
 304 006e 03       		.uleb128 0x3
 305 006f 53010000 		.4byte	.LASF10
 306 0073 02       		.byte	0x2
 307 0074 18       		.byte	0x18
 308 0075 24000000 		.4byte	0x24
 309 0079 05       		.uleb128 0x5
 310 007a 90000000 		.4byte	0x90
 311 007e 89000000 		.4byte	0x89
 312 0082 06       		.uleb128 0x6
 313 0083 89000000 		.4byte	0x89
 314 0087 AB       		.byte	0xab
 315 0088 00       		.byte	0
 316 0089 02       		.uleb128 0x2
 317 008a 04       		.byte	0x4
 318 008b 07       		.byte	0x7
 319 008c 7E010000 		.4byte	.LASF11
 320 0090 07       		.uleb128 0x7
 321 0091 6E000000 		.4byte	0x6e
 322 0095 08       		.uleb128 0x8
 323 0096 1D010000 		.4byte	.LASF12
 324 009a 03       		.byte	0x3
 325 009b 1F       		.byte	0x1f
 326 009c A6000000 		.4byte	0xa6
 327 00a0 05       		.uleb128 0x5
 328 00a1 03       		.byte	0x3
 329 00a2 00000000 		.4byte	cy_meta_configecc
 330 00a6 07       		.uleb128 0x7
 331 00a7 79000000 		.4byte	0x79
 332 00ab 05       		.uleb128 0x5
 333 00ac 90000000 		.4byte	0x90
 334 00b0 BB000000 		.4byte	0xbb
 335 00b4 06       		.uleb128 0x6
 336 00b5 89000000 		.4byte	0x89
 337 00b9 03       		.byte	0x3
 338 00ba 00       		.byte	0
ARM GAS  C:\Users\seanj\AppData\Local\Temp\ccEmqR0e.s 			page 7


 339 00bb 08       		.uleb128 0x8
 340 00bc 0D010000 		.4byte	.LASF13
 341 00c0 03       		.byte	0x3
 342 00c1 42       		.byte	0x42
 343 00c2 CC000000 		.4byte	0xcc
 344 00c6 05       		.uleb128 0x5
 345 00c7 03       		.byte	0x3
 346 00c8 00000000 		.4byte	cy_meta_custnvl
 347 00cc 07       		.uleb128 0x7
 348 00cd AB000000 		.4byte	0xab
 349 00d1 08       		.uleb128 0x8
 350 00d2 70010000 		.4byte	.LASF14
 351 00d6 03       		.byte	0x3
 352 00d7 50       		.byte	0x50
 353 00d8 E2000000 		.4byte	0xe2
 354 00dc 05       		.uleb128 0x5
 355 00dd 03       		.byte	0x3
 356 00de 00000000 		.4byte	cy_meta_wonvl
 357 00e2 07       		.uleb128 0x7
 358 00e3 AB000000 		.4byte	0xab
 359 00e7 05       		.uleb128 0x5
 360 00e8 90000000 		.4byte	0x90
 361 00ec F7000000 		.4byte	0xf7
 362 00f0 06       		.uleb128 0x6
 363 00f1 89000000 		.4byte	0x89
 364 00f5 FF       		.byte	0xff
 365 00f6 00       		.byte	0
 366 00f7 08       		.uleb128 0x8
 367 00f8 5B010000 		.4byte	.LASF15
 368 00fc 03       		.byte	0x3
 369 00fd 5E       		.byte	0x5e
 370 00fe 08010000 		.4byte	0x108
 371 0102 05       		.uleb128 0x5
 372 0103 03       		.byte	0x3
 373 0104 00000000 		.4byte	cy_meta_flashprotect
 374 0108 07       		.uleb128 0x7
 375 0109 E7000000 		.4byte	0xe7
 376 010d 05       		.uleb128 0x5
 377 010e 90000000 		.4byte	0x90
 378 0112 1D010000 		.4byte	0x11d
 379 0116 06       		.uleb128 0x6
 380 0117 89000000 		.4byte	0x89
 381 011b 0B       		.byte	0xb
 382 011c 00       		.byte	0
 383 011d 08       		.uleb128 0x8
 384 011e 98000000 		.4byte	.LASF16
 385 0122 03       		.byte	0x3
 386 0123 8B       		.byte	0x8b
 387 0124 2E010000 		.4byte	0x12e
 388 0128 05       		.uleb128 0x5
 389 0129 03       		.byte	0x3
 390 012a 00000000 		.4byte	cy_metadata
 391 012e 07       		.uleb128 0x7
 392 012f 0D010000 		.4byte	0x10d
 393 0133 00       		.byte	0
 394              		.section	.debug_abbrev,"",%progbits
 395              	.Ldebug_abbrev0:
ARM GAS  C:\Users\seanj\AppData\Local\Temp\ccEmqR0e.s 			page 8


 396 0000 01       		.uleb128 0x1
 397 0001 11       		.uleb128 0x11
 398 0002 01       		.byte	0x1
 399 0003 25       		.uleb128 0x25
 400 0004 0E       		.uleb128 0xe
 401 0005 13       		.uleb128 0x13
 402 0006 0B       		.uleb128 0xb
 403 0007 03       		.uleb128 0x3
 404 0008 0E       		.uleb128 0xe
 405 0009 1B       		.uleb128 0x1b
 406 000a 0E       		.uleb128 0xe
 407 000b 10       		.uleb128 0x10
 408 000c 17       		.uleb128 0x17
 409 000d 00       		.byte	0
 410 000e 00       		.byte	0
 411 000f 02       		.uleb128 0x2
 412 0010 24       		.uleb128 0x24
 413 0011 00       		.byte	0
 414 0012 0B       		.uleb128 0xb
 415 0013 0B       		.uleb128 0xb
 416 0014 3E       		.uleb128 0x3e
 417 0015 0B       		.uleb128 0xb
 418 0016 03       		.uleb128 0x3
 419 0017 0E       		.uleb128 0xe
 420 0018 00       		.byte	0
 421 0019 00       		.byte	0
 422 001a 03       		.uleb128 0x3
 423 001b 16       		.uleb128 0x16
 424 001c 00       		.byte	0
 425 001d 03       		.uleb128 0x3
 426 001e 0E       		.uleb128 0xe
 427 001f 3A       		.uleb128 0x3a
 428 0020 0B       		.uleb128 0xb
 429 0021 3B       		.uleb128 0x3b
 430 0022 0B       		.uleb128 0xb
 431 0023 49       		.uleb128 0x49
 432 0024 13       		.uleb128 0x13
 433 0025 00       		.byte	0
 434 0026 00       		.byte	0
 435 0027 04       		.uleb128 0x4
 436 0028 24       		.uleb128 0x24
 437 0029 00       		.byte	0
 438 002a 0B       		.uleb128 0xb
 439 002b 0B       		.uleb128 0xb
 440 002c 3E       		.uleb128 0x3e
 441 002d 0B       		.uleb128 0xb
 442 002e 03       		.uleb128 0x3
 443 002f 08       		.uleb128 0x8
 444 0030 00       		.byte	0
 445 0031 00       		.byte	0
 446 0032 05       		.uleb128 0x5
 447 0033 01       		.uleb128 0x1
 448 0034 01       		.byte	0x1
 449 0035 49       		.uleb128 0x49
 450 0036 13       		.uleb128 0x13
 451 0037 01       		.uleb128 0x1
 452 0038 13       		.uleb128 0x13
ARM GAS  C:\Users\seanj\AppData\Local\Temp\ccEmqR0e.s 			page 9


 453 0039 00       		.byte	0
 454 003a 00       		.byte	0
 455 003b 06       		.uleb128 0x6
 456 003c 21       		.uleb128 0x21
 457 003d 00       		.byte	0
 458 003e 49       		.uleb128 0x49
 459 003f 13       		.uleb128 0x13
 460 0040 2F       		.uleb128 0x2f
 461 0041 0B       		.uleb128 0xb
 462 0042 00       		.byte	0
 463 0043 00       		.byte	0
 464 0044 07       		.uleb128 0x7
 465 0045 26       		.uleb128 0x26
 466 0046 00       		.byte	0
 467 0047 49       		.uleb128 0x49
 468 0048 13       		.uleb128 0x13
 469 0049 00       		.byte	0
 470 004a 00       		.byte	0
 471 004b 08       		.uleb128 0x8
 472 004c 34       		.uleb128 0x34
 473 004d 00       		.byte	0
 474 004e 03       		.uleb128 0x3
 475 004f 0E       		.uleb128 0xe
 476 0050 3A       		.uleb128 0x3a
 477 0051 0B       		.uleb128 0xb
 478 0052 3B       		.uleb128 0x3b
 479 0053 0B       		.uleb128 0xb
 480 0054 49       		.uleb128 0x49
 481 0055 13       		.uleb128 0x13
 482 0056 3F       		.uleb128 0x3f
 483 0057 19       		.uleb128 0x19
 484 0058 02       		.uleb128 0x2
 485 0059 18       		.uleb128 0x18
 486 005a 00       		.byte	0
 487 005b 00       		.byte	0
 488 005c 00       		.byte	0
 489              		.section	.debug_aranges,"",%progbits
 490 0000 14000000 		.4byte	0x14
 491 0004 0200     		.2byte	0x2
 492 0006 00000000 		.4byte	.Ldebug_info0
 493 000a 04       		.byte	0x4
 494 000b 00       		.byte	0
 495 000c 0000     		.2byte	0
 496 000e 0000     		.2byte	0
 497 0010 00000000 		.4byte	0
 498 0014 00000000 		.4byte	0
 499              		.section	.debug_line,"",%progbits
 500              	.Ldebug_line0:
 501 0000 3D010000 		.section	.debug_str,"MS",%progbits,1
 501      02003701 
 501      00000201 
 501      FB0E0D00 
 501      01010101 
 502              	.LASF9:
 503 0000 5F5F7569 		.ascii	"__uint8_t\000"
 503      6E74385F 
 503      7400
ARM GAS  C:\Users\seanj\AppData\Local\Temp\ccEmqR0e.s 			page 10


 504              	.LASF17:
 505 000a 474E5520 		.ascii	"GNU C11 5.4.1 20160609 (release) [ARM/embedded-5-br"
 505      43313120 
 505      352E342E 
 505      31203230 
 505      31363036 
 506 003d 616E6368 		.ascii	"anch revision 237715] -mcpu=cortex-m3 -mthumb -g -O"
 506      20726576 
 506      6973696F 
 506      6E203233 
 506      37373135 
 507 0070 30202D66 		.ascii	"0 -ffunction-sections -ffat-lto-objects\000"
 507      66756E63 
 507      74696F6E 
 507      2D736563 
 507      74696F6E 
 508              	.LASF16:
 509 0098 63795F6D 		.ascii	"cy_metadata\000"
 509      65746164 
 509      61746100 
 510              	.LASF1:
 511 00a4 756E7369 		.ascii	"unsigned char\000"
 511      676E6564 
 511      20636861 
 511      7200
 512              	.LASF19:
 513 00b2 433A5C55 		.ascii	"C:\\Users\\seanj\\Documents\\RLE\\kent\\OLED\\OLED_"
 513      73657273 
 513      5C736561 
 513      6E6A5C44 
 513      6F63756D 
 514 00de 4932432E 		.ascii	"I2C.cydsn\000"
 514      63796473 
 514      6E00
 515              	.LASF5:
 516 00e8 6C6F6E67 		.ascii	"long unsigned int\000"
 516      20756E73 
 516      69676E65 
 516      6420696E 
 516      7400
 517              	.LASF3:
 518 00fa 73686F72 		.ascii	"short unsigned int\000"
 518      7420756E 
 518      7369676E 
 518      65642069 
 518      6E7400
 519              	.LASF13:
 520 010d 63795F6D 		.ascii	"cy_meta_custnvl\000"
 520      6574615F 
 520      63757374 
 520      6E766C00 
 521              	.LASF12:
 522 011d 63795F6D 		.ascii	"cy_meta_configecc\000"
 522      6574615F 
 522      636F6E66 
 522      69676563 
 522      6300
ARM GAS  C:\Users\seanj\AppData\Local\Temp\ccEmqR0e.s 			page 11


 523              	.LASF8:
 524 012f 756E7369 		.ascii	"unsigned int\000"
 524      676E6564 
 524      20696E74 
 524      00
 525              	.LASF7:
 526 013c 6C6F6E67 		.ascii	"long long unsigned int\000"
 526      206C6F6E 
 526      6720756E 
 526      7369676E 
 526      65642069 
 527              	.LASF10:
 528 0153 75696E74 		.ascii	"uint8_t\000"
 528      385F7400 
 529              	.LASF15:
 530 015b 63795F6D 		.ascii	"cy_meta_flashprotect\000"
 530      6574615F 
 530      666C6173 
 530      6870726F 
 530      74656374 
 531              	.LASF14:
 532 0170 63795F6D 		.ascii	"cy_meta_wonvl\000"
 532      6574615F 
 532      776F6E76 
 532      6C00
 533              	.LASF11:
 534 017e 73697A65 		.ascii	"sizetype\000"
 534      74797065 
 534      00
 535              	.LASF6:
 536 0187 6C6F6E67 		.ascii	"long long int\000"
 536      206C6F6E 
 536      6720696E 
 536      7400
 537              	.LASF2:
 538 0195 73686F72 		.ascii	"short int\000"
 538      7420696E 
 538      7400
 539              	.LASF4:
 540 019f 6C6F6E67 		.ascii	"long int\000"
 540      20696E74 
 540      00
 541              	.LASF0:
 542 01a8 7369676E 		.ascii	"signed char\000"
 542      65642063 
 542      68617200 
 543              	.LASF18:
 544 01b4 47656E65 		.ascii	"Generated_Source\\PSoC5\\cymetadata.c\000"
 544      72617465 
 544      645F536F 
 544      75726365 
 544      5C50536F 
 545              		.ident	"GCC: (GNU Tools for ARM Embedded Processors) 5.4.1 20160609 (release) [ARM/embedded-5-bran
